<?xml version="1.0" encoding="UTF-8"?>
<!-- Generated by org.testng.reporters.JUnitXMLReporter -->
<testsuite ignored="0" hostname="DESKTOP-GBMU59R" failures="0" tests="8" name="Edge Test" time="55.559" errors="0" timestamp="2024-06-03T22:36:53 IST">
  <testcase classname="test.HomePageTest" name="verifyHomePageTitle" time="3.398"/>
  <testcase classname="test.HomePageTest" name="verifyCommunityPollSelection" time="4.182"/>
  <testcase classname="test.LoginPageTest" name="verifyLoginPageTitle" time="2.515"/>
  <testcase classname="test.LoginPageTest" name="verifyUserLogin" time="4.885"/>
  <testcase classname="test.LoginPageTest" name="verifyUserLoginInvalidCredentials" time="3.805"/>
  <testcase classname="test.LoginPageTest" name="verifyUserLoginInvalidCredentials" time="3.739"/>
  <testcase classname="test.LoginPageTest" name="verifyUserLoginInvalidCredentials" time="3.694"/>
  <testcase classname="test.LoginPageTest" name="verifyUserLoginWithInvalidCredentials" time="3.666"/>
</testsuite> <!-- Edge Test -->
