<?xml version="1.0" encoding="UTF-8"?>
<!-- Generated by org.testng.reporters.JUnitXMLReporter -->
<testsuite ignored="0" hostname="DESKTOP-GBMU59R" failures="0" tests="8" name="Firefox Test" time="76.852" errors="0" timestamp="2024-06-03T22:38:10 IST">
  <testcase classname="test.HomePageTest" name="verifyHomePageTitle" time="3.424"/>
  <testcase classname="test.HomePageTest" name="verifyCommunityPollSelection" time="9.02"/>
  <testcase classname="test.LoginPageTest" name="verifyLoginPageTitle" time="2.551"/>
  <testcase classname="test.LoginPageTest" name="verifyUserLogin" time="5.433"/>
  <testcase classname="test.LoginPageTest" name="verifyUserLoginInvalidCredentials" time="3.28"/>
  <testcase classname="test.LoginPageTest" name="verifyUserLoginInvalidCredentials" time="4.1"/>
  <testcase classname="test.LoginPageTest" name="verifyUserLoginInvalidCredentials" time="3.23"/>
  <testcase classname="test.LoginPageTest" name="verifyUserLoginWithInvalidCredentials" time="3.668"/>
</testsuite> <!-- Firefox Test -->
