<?xml version="1.0" encoding="UTF-8"?>
<!-- Generated by org.testng.reporters.JUnitXMLReporter -->
<testsuite ignored="5" hostname="DESKTOP-GBMU59R" failures="0" tests="3" name="Functional Test" time="30.287" errors="0" timestamp="2024-05-30T20:40:29 IST">
  <testcase classname="test.HomePageTest" name="verifyHomePageTitle" time="6.038"/>
  <testcase classname="test.LoginPageTest" name="verifyUserLogin" time="8.633"/>
  <testcase classname="test.RegistrationPageTest" name="verifyUserRegistration" time="8.881"/>
  <testcase classname="test.LoginPageTest" name="verifyUserLoginWithInvalidCredentials" time="0.0">
    <ignored/>
  </testcase> <!-- verifyUserLoginWithInvalidCredentials -->
  <testcase classname="test.HomePageTest" name="verifyCommunityPollSelection" time="0.0">
    <ignored/>
  </testcase> <!-- verifyCommunityPollSelection -->
  <testcase classname="test.LoginPageTest" name="verifyUserLoginInvalidCredentials" time="0.0">
    <ignored/>
  </testcase> <!-- verifyUserLoginInvalidCredentials -->
  <testcase classname="test.LoginPageTest" name="verifyLoginPageTitle" time="0.0">
    <ignored/>
  </testcase> <!-- verifyLoginPageTitle -->
  <testcase classname="test.RegistrationPageTest" name="verifyRegisterPageTitle" time="0.0">
    <ignored/>
  </testcase> <!-- verifyRegisterPageTitle -->
</testsuite> <!-- Functional Test -->
