<?xml version="1.0" encoding="UTF-8"?>
<!-- Generated by org.testng.reporters.JUnitXMLReporter -->
<testsuite ignored="0" hostname="DESKTOP-GBMU59R" failures="0" tests="6" name="LoginPage Test" time="39.199" errors="0" timestamp="2024-06-03T22:45:08 IST">
  <testcase classname="test.LoginPageTest" name="verifyLoginPageTitle" time="2.542"/>
  <testcase classname="test.LoginPageTest" name="verifyUserLogin" time="5.339"/>
  <testcase classname="test.LoginPageTest" name="verifyUserLoginInvalidCredentials" time="3.314"/>
  <testcase classname="test.LoginPageTest" name="verifyUserLoginInvalidCredentials" time="3.46"/>
  <testcase classname="test.LoginPageTest" name="verifyUserLoginInvalidCredentials" time="3.37"/>
  <testcase classname="test.LoginPageTest" name="verifyUserLoginWithInvalidCredentials" time="3.372"/>
</testsuite> <!-- LoginPage Test -->
