<?xml version="1.0" encoding="UTF-8"?>
<!-- Generated by org.testng.reporters.JUnitXMLReporter -->
<testsuite ignored="1" hostname="DESKTOP-GBMU59R" failures="0" tests="1" name="Default test" time="12.753" errors="0" timestamp="2024-05-29T19:39:31 IST">
  <testcase classname="test.RegistrationPageTest" name="verifyUserRegistration" time="9.151"/>
  <testcase classname="test.RegistrationPageTest" name="verifyRegisterPageTitle" time="0.0">
    <ignored/>
  </testcase> <!-- verifyRegisterPageTitle -->
</testsuite> <!-- Default test -->
