<?xml version="1.0" encoding="UTF-8"?>
<!-- Generated by org.testng.reporters.JUnitXMLReporter -->
<testsuite ignored="1" hostname="DESKTOP-GBMU59R" failures="0" tests="1" name="Default test" time="6.997" errors="0" timestamp="2024-05-28T20:38:33 IST">
  <testcase classname="test.HomePageTest" name="verifyCommunityPollSelection" time="5.352"/>
  <testcase classname="test.HomePageTest" name="verifyHomePageTitle" time="0.0">
    <ignored/>
  </testcase> <!-- verifyHomePageTitle -->
</testsuite> <!-- Default test -->
