<?xml version="1.0" encoding="UTF-8"?>
<testng-results ignored="0" total="1" passed="1" failed="0" skipped="0">
  <reporter-output>
  </reporter-output>
  <suite started-at="2024-05-29T19:39:18 IST" name="Default suite" finished-at="2024-05-29T19:39:31 IST" duration-ms="12753">
    <groups>
    </groups>
    <test started-at="2024-05-29T19:39:18 IST" name="Default test" finished-at="2024-05-29T19:39:31 IST" duration-ms="12753">
      <class name="test.RegistrationPageTest">
        <test-method is-config="true" signature="setup()[pri:0, instance:test.RegistrationPageTest@6cf0e0ba]" started-at="2024-05-29T19:39:18 IST" name="setup" finished-at="2024-05-29T19:39:22 IST" duration-ms="3514" status="PASS">
          <reporter-output>
          </reporter-output>
        </test-method> <!-- setup -->
        <test-method signature="verifyUserRegistration()[pri:0, instance:test.RegistrationPageTest@6cf0e0ba]" started-at="2024-05-29T19:39:22 IST" name="verifyUserRegistration" finished-at="2024-05-29T19:39:31 IST" duration-ms="9151" status="PASS">
          <reporter-output>
          </reporter-output>
        </test-method> <!-- verifyUserRegistration -->
        <test-method is-config="true" signature="closeBrowser(org.testng.ITestResult)[pri:0, instance:test.RegistrationPageTest@6cf0e0ba]" started-at="2024-05-29T19:39:31 IST" name="closeBrowser" finished-at="2024-05-29T19:39:31 IST" duration-ms="3" status="PASS">
          <params>
            <param index="0">
              <value>
                <![CDATA[[TestResult name=verifyUserRegistration status=SUCCESS method=RegistrationPageTest.verifyUserRegistration()[pri:0, instance:test.RegistrationPageTest@6cf0e0ba] output={null}]]]>
              </value>
            </param>
          </params>
          <reporter-output>
          </reporter-output>
        </test-method> <!-- closeBrowser -->
      </class> <!-- test.RegistrationPageTest -->
    </test> <!-- Default test -->
  </suite> <!-- Default suite -->
</testng-results>
