<?xml version="1.0" encoding="UTF-8"?>
<testng-results ignored="0" total="1" passed="1" failed="0" skipped="0">
  <reporter-output>
  </reporter-output>
  <suite started-at="2024-05-28T20:38:26 IST" name="Default suite" finished-at="2024-05-28T20:38:33 IST" duration-ms="6997">
    <groups>
    </groups>
    <test started-at="2024-05-28T20:38:26 IST" name="Default test" finished-at="2024-05-28T20:38:33 IST" duration-ms="6997">
      <class name="test.HomePageTest">
        <test-method is-config="true" signature="setup()[pri:0, instance:test.HomePageTest@67c27493]" started-at="2024-05-28T20:38:26 IST" name="setup" finished-at="2024-05-28T20:38:28 IST" duration-ms="1604" status="PASS">
          <reporter-output>
          </reporter-output>
        </test-method> <!-- setup -->
        <test-method signature="verifyCommunityPollSelection()[pri:0, instance:test.HomePageTest@67c27493]" started-at="2024-05-28T20:38:28 IST" name="verifyCommunityPollSelection" finished-at="2024-05-28T20:38:33 IST" duration-ms="5352" status="PASS">
          <reporter-output>
          </reporter-output>
        </test-method> <!-- verifyCommunityPollSelection -->
        <test-method is-config="true" signature="closeBrowser(org.testng.ITestResult)[pri:0, instance:test.HomePageTest@67c27493]" started-at="2024-05-28T20:38:33 IST" name="closeBrowser" finished-at="2024-05-28T20:38:33 IST" duration-ms="1" status="PASS">
          <params>
            <param index="0">
              <value>
                <![CDATA[[TestResult name=verifyCommunityPollSelection status=SUCCESS method=HomePageTest.verifyCommunityPollSelection()[pri:0, instance:test.HomePageTest@67c27493] output={null}]]]>
              </value>
            </param>
          </params>
          <reporter-output>
          </reporter-output>
        </test-method> <!-- closeBrowser -->
      </class> <!-- test.HomePageTest -->
    </test> <!-- Default test -->
  </suite> <!-- Default suite -->
</testng-results>
